<?xml version="1.0" encoding="UTF-8"?>
<!-- Generated by org.testng.reporters.JUnitXMLReporter -->
<testsuite hostname="DESKTOP-Q44GKQB" ignored="0" name="regression Test" tests="2" failures="0" timestamp="2022-12-13T22:49:20 AEST" time="14.035" errors="0">
  <testcase name="userShouldNavigateToLoginPageSuccessfully" time="1.074" classname="com.ultimateqa.courses.testsuite.LoginPageTest"/>
  <testcase name="verifyTheErrorMessage" time="2.394" classname="com.ultimateqa.courses.testsuite.LoginPageTest"/>
</testsuite> <!-- regression Test -->
