<?xml version="1.0" encoding="UTF-8"?>
<!-- Generated by org.testng.reporters.JUnitXMLReporter -->
<testsuite hostname="DESKTOP-Q44GKQB" ignored="1" name="sanity Test" tests="1" failures="0" timestamp="2022-12-13T22:49:35 AEST" time="6.95" errors="0">
  <testcase name="userShouldNavigateToLoginPageSuccessfully" time="1.084" classname="com.ultimateqa.courses.testsuite.LoginPageTest"/>
  <testcase name="verifyTheErrorMessage" time="0.0" classname="com.ultimateqa.courses.testsuite.LoginPageTest">
    <ignored/>
  </testcase> <!-- verifyTheErrorMessage -->
</testsuite> <!-- sanity Test -->
