<?xml version="1.0" encoding="UTF-8"?>
<!-- Generated by org.testng.reporters.JUnitXMLReporter -->
<testsuite hostname="DESKTOP-Q44GKQB" ignored="0" name="Login Test" tests="2" failures="0" timestamp="2022-12-13T22:43:41 AEST" time="14.581" errors="0">
  <testcase name="userShouldNavigateToLoginPageSuccessfully" time="1.135" classname="com.ultimateqa.courses.testsuite.LoginPageTest"/>
  <testcase name="verifyTheErrorMessage" time="2.446" classname="com.ultimateqa.courses.testsuite.LoginPageTest"/>
</testsuite> <!-- Login Test -->
